android/app/build/intermediates/manifest_merge_blame_file/release/manifest-merger-blame-release-report.txt
1<?xml version="1.0" encoding="utf-8"?>
2<manifest xmlns:android="http://schemas.android.com/apk/res/android"
3    package="com.stsnew"
4    android:versionCode="1"
5    android:versionName="1.0" >
6
7    <uses-sdk
8        android:minSdkVersion="16"
8-->src\main\AndroidManifest.xml
9        android:targetSdkVersion="29" />
9-->src\main\AndroidManifest.xml
10
11    <uses-permission android:name="android.permission.INTERNET" />
11-->src\main\AndroidManifest.xml:4:5-67
11-->src\main\AndroidManifest.xml:4:22-64
12    <uses-permission android:name="android.permission.ACCESS_COARSE_LOCATION" />
12-->src\main\AndroidManifest.xml:5:5-81
12-->src\main\AndroidManifest.xml:5:22-78
13    <uses-permission android:name="android.permission.ACCESS_FINE_LOCATION" />
13-->src\main\AndroidManifest.xml:6:5-79
13-->src\main\AndroidManifest.xml:6:22-76
14    <uses-permission android:name="android.permission.WAKE_LOCK" />
14-->[:react-native-firebase_auth] AndroidManifest.xml:12:5-68
14-->[:react-native-firebase_auth] AndroidManifest.xml:12:22-65
15    <uses-permission android:name="android.permission.ACCESS_NETWORK_STATE" />
15-->[:react-native-firebase_auth] AndroidManifest.xml:13:5-79
15-->[:react-native-firebase_auth] AndroidManifest.xml:13:22-76
16
17    <uses-feature
17-->[com.google.android.gms:play-services-maps:17.0.0] AndroidManifest.xml:26:5-28:35
18        android:glEsVersion="0x00020000"
18-->[com.google.android.gms:play-services-maps:17.0.0] AndroidManifest.xml:27:9-41
19        android:required="true" />
19-->[com.google.android.gms:play-services-maps:17.0.0] AndroidManifest.xml:28:9-32
20
21    <uses-permission android:name="com.google.android.finsky.permission.BIND_GET_INSTALL_REFERRER_SERVICE" />
21-->[com.google.android.gms:play-services-measurement:17.6.0] AndroidManifest.xml:26:5-110
21-->[com.google.android.gms:play-services-measurement:17.6.0] AndroidManifest.xml:26:22-107
22
23    <application
23-->src\main\AndroidManifest.xml:8:5-34:19
24        android:name="com.stsnew.MainApplication"
24-->src\main\AndroidManifest.xml:9:7-38
25        android:allowBackup="false"
25-->src\main\AndroidManifest.xml:13:7-34
26        android:appComponentFactory="androidx.core.app.CoreComponentFactory"
26-->[androidx.core:core:1.2.0] AndroidManifest.xml:24:18-86
27        android:icon="@mipmap/ic_launcher"
27-->src\main\AndroidManifest.xml:11:7-41
28        android:label="@string/app_name"
28-->src\main\AndroidManifest.xml:10:7-39
29        android:roundIcon="@mipmap/ic_launcher_round"
29-->src\main\AndroidManifest.xml:12:7-52
30        android:theme="@style/AppTheme" >
30-->src\main\AndroidManifest.xml:14:7-38
31        <activity
31-->src\main\AndroidManifest.xml:15:7-26:18
32            android:name="com.stsnew.MainActivity"
32-->src\main\AndroidManifest.xml:16:9-37
33            android:configChanges="keyboard|keyboardHidden|orientation|screenSize|uiMode"
33-->src\main\AndroidManifest.xml:19:9-86
34            android:label="@string/app_name"
34-->src\main\AndroidManifest.xml:17:9-41
35            android:launchMode="singleTask"
35-->src\main\AndroidManifest.xml:20:9-40
36            android:screenOrientation="portrait"
36-->src\main\AndroidManifest.xml:18:2-38
37            android:windowSoftInputMode="adjustResize" >
37-->src\main\AndroidManifest.xml:21:9-51
38            <intent-filter>
38-->src\main\AndroidManifest.xml:22:9-25:25
39                <action android:name="android.intent.action.MAIN" />
39-->src\main\AndroidManifest.xml:23:13-65
39-->src\main\AndroidManifest.xml:23:21-62
40
41                <category android:name="android.intent.category.LAUNCHER" />
41-->src\main\AndroidManifest.xml:24:13-73
41-->src\main\AndroidManifest.xml:24:23-70
42            </intent-filter>
43        </activity>
44        <activity android:name="com.facebook.react.devsupport.DevSettingsActivity" />
44-->src\main\AndroidManifest.xml:27:7-84
44-->src\main\AndroidManifest.xml:27:17-81
45
46        <meta-data
46-->src\main\AndroidManifest.xml:28:2-30:64
47            android:name="com.google.android.geo.API_KEY"
47-->src\main\AndroidManifest.xml:29:7-52
48            android:value="AIzaSyBzU31A9dfN_ab0192yzvl7bk2gRdFTpzo" />
48-->src\main\AndroidManifest.xml:30:7-62
49
50        <!-- You will also only need to add this uses-library tag -->
51        <uses-library
51-->src\main\AndroidManifest.xml:33:4-82
52            android:name="org.apache.http.legacy"
52-->src\main\AndroidManifest.xml:33:18-55
53            android:required="false" />
53-->src\main\AndroidManifest.xml:33:56-80
54
55        <provider
55-->[:react-native-webview] AndroidManifest.xml:12:9-20:20
56            android:name="com.reactnativecommunity.webview.RNCWebViewFileProvider"
56-->[:react-native-webview] AndroidManifest.xml:13:13-83
57            android:authorities="com.stsnew.fileprovider"
57-->[:react-native-webview] AndroidManifest.xml:14:13-64
58            android:exported="false"
58-->[:react-native-webview] AndroidManifest.xml:15:13-37
59            android:grantUriPermissions="true" >
59-->[:react-native-webview] AndroidManifest.xml:16:13-47
60            <meta-data
60-->[:react-native-webview] AndroidManifest.xml:17:13-19:63
61                android:name="android.support.FILE_PROVIDER_PATHS"
61-->[:react-native-webview] AndroidManifest.xml:18:17-67
62                android:resource="@xml/file_provider_paths" />
62-->[:react-native-webview] AndroidManifest.xml:19:17-60
63        </provider>
64
65        <activity
65-->[com.google.android.gms:play-services-auth:18.1.0] AndroidManifest.xml:23:9-27:75
66            android:name="com.google.android.gms.auth.api.signin.internal.SignInHubActivity"
66-->[com.google.android.gms:play-services-auth:18.1.0] AndroidManifest.xml:24:13-93
67            android:excludeFromRecents="true"
67-->[com.google.android.gms:play-services-auth:18.1.0] AndroidManifest.xml:25:13-46
68            android:exported="false"
68-->[com.google.android.gms:play-services-auth:18.1.0] AndroidManifest.xml:26:13-37
69            android:theme="@android:style/Theme.Translucent.NoTitleBar" />
69-->[com.google.android.gms:play-services-auth:18.1.0] AndroidManifest.xml:27:13-72
70        <!--
71            Service handling Google Sign-In user revocation. For apps that do not integrate with
72            Google Sign-In, this service will never be started.
73        -->
74        <service
74-->[com.google.android.gms:play-services-auth:18.1.0] AndroidManifest.xml:33:9-37:51
75            android:name="com.google.android.gms.auth.api.signin.RevocationBoundService"
75-->[com.google.android.gms:play-services-auth:18.1.0] AndroidManifest.xml:34:13-89
76            android:exported="true"
76-->[com.google.android.gms:play-services-auth:18.1.0] AndroidManifest.xml:35:13-36
77            android:permission="com.google.android.gms.auth.api.signin.permission.REVOCATION_NOTIFICATION"
77-->[com.google.android.gms:play-services-auth:18.1.0] AndroidManifest.xml:36:13-107
78            android:visibleToInstantApps="true" />
78-->[com.google.android.gms:play-services-auth:18.1.0] AndroidManifest.xml:37:13-48
79
80        <activity
80-->[com.google.firebase:firebase-auth:19.4.0] AndroidManifest.xml:24:9-31:50
81            android:name="com.google.firebase.auth.internal.FederatedSignInActivity"
81-->[com.google.firebase:firebase-auth:19.4.0] AndroidManifest.xml:25:13-85
82            android:excludeFromRecents="true"
82-->[com.google.firebase:firebase-auth:19.4.0] AndroidManifest.xml:26:13-46
83            android:exported="true"
83-->[com.google.firebase:firebase-auth:19.4.0] AndroidManifest.xml:27:13-36
84            android:launchMode="singleTask"
84-->[com.google.firebase:firebase-auth:19.4.0] AndroidManifest.xml:28:13-44
85            android:permission="com.google.firebase.auth.api.gms.permission.LAUNCH_FEDERATED_SIGN_IN"
85-->[com.google.firebase:firebase-auth:19.4.0] AndroidManifest.xml:29:13-102
86            android:theme="@android:style/Theme.Translucent.NoTitleBar" />
86-->[com.google.firebase:firebase-auth:19.4.0] AndroidManifest.xml:30:13-72
87
88        <service
88-->[com.google.firebase:firebase-auth:19.4.0] AndroidManifest.xml:33:9-39:19
89            android:name="com.google.firebase.components.ComponentDiscoveryService"
89-->[com.google.firebase:firebase-auth:19.4.0] AndroidManifest.xml:34:13-84
90            android:directBootAware="true"
90-->[com.google.firebase:firebase-common:19.3.1] AndroidManifest.xml:35:13-43
91            android:exported="false" >
91-->[com.google.firebase:firebase-auth:19.4.0] AndroidManifest.xml:35:13-37
92            <meta-data
92-->[com.google.firebase:firebase-auth:19.4.0] AndroidManifest.xml:36:13-38:85
93                android:name="com.google.firebase.components:com.google.firebase.auth.FirebaseAuthRegistrar"
93-->[com.google.firebase:firebase-auth:19.4.0] AndroidManifest.xml:37:17-109
94                android:value="com.google.firebase.components.ComponentRegistrar" />
94-->[com.google.firebase:firebase-auth:19.4.0] AndroidManifest.xml:38:17-82
95            <meta-data
95-->[com.google.firebase:firebase-database:19.5.0] AndroidManifest.xml:32:13-34:85
96                android:name="com.google.firebase.components:com.google.firebase.database.DatabaseRegistrar"
96-->[com.google.firebase:firebase-database:19.5.0] AndroidManifest.xml:33:17-109
97                android:value="com.google.firebase.components.ComponentRegistrar" />
97-->[com.google.firebase:firebase-database:19.5.0] AndroidManifest.xml:34:17-82
98            <meta-data
98-->[com.google.android.gms:play-services-measurement-api:17.6.0] AndroidManifest.xml:30:13-32:85
99                android:name="com.google.firebase.components:com.google.firebase.analytics.connector.internal.AnalyticsConnectorRegistrar"
99-->[com.google.android.gms:play-services-measurement-api:17.6.0] AndroidManifest.xml:31:17-139
100                android:value="com.google.firebase.components.ComponentRegistrar" />
100-->[com.google.android.gms:play-services-measurement-api:17.6.0] AndroidManifest.xml:32:17-82
101            <meta-data
101-->[com.google.firebase:firebase-installations:16.3.2] AndroidManifest.xml:17:13-19:85
102                android:name="com.google.firebase.components:com.google.firebase.installations.FirebaseInstallationsRegistrar"
102-->[com.google.firebase:firebase-installations:16.3.2] AndroidManifest.xml:18:17-127
103                android:value="com.google.firebase.components.ComponentRegistrar" />
103-->[com.google.firebase:firebase-installations:16.3.2] AndroidManifest.xml:19:17-82
104        </service>
105
106        <activity
106-->[com.google.android.gms:play-services-base:17.5.0] AndroidManifest.xml:23:9-26:75
107            android:name="com.google.android.gms.common.api.GoogleApiActivity"
107-->[com.google.android.gms:play-services-base:17.5.0] AndroidManifest.xml:24:13-79
108            android:exported="false"
108-->[com.google.android.gms:play-services-base:17.5.0] AndroidManifest.xml:25:13-37
109            android:theme="@android:style/Theme.Translucent.NoTitleBar" />
109-->[com.google.android.gms:play-services-base:17.5.0] AndroidManifest.xml:26:13-72
110
111        <provider
111-->[com.google.firebase:firebase-common:19.3.1] AndroidManifest.xml:26:9-31:39
112            android:name="com.google.firebase.provider.FirebaseInitProvider"
112-->[com.google.firebase:firebase-common:19.3.1] AndroidManifest.xml:27:13-77
113            android:authorities="com.stsnew.firebaseinitprovider"
113-->[com.google.firebase:firebase-common:19.3.1] AndroidManifest.xml:28:13-72
114            android:directBootAware="true"
114-->[com.google.firebase:firebase-common:19.3.1] AndroidManifest.xml:29:13-43
115            android:exported="false"
115-->[com.google.firebase:firebase-common:19.3.1] AndroidManifest.xml:30:13-37
116            android:initOrder="100" />
116-->[com.google.firebase:firebase-common:19.3.1] AndroidManifest.xml:31:13-36
117
118        <receiver
118-->[com.google.android.gms:play-services-measurement:17.6.0] AndroidManifest.xml:29:9-33:20
119            android:name="com.google.android.gms.measurement.AppMeasurementReceiver"
119-->[com.google.android.gms:play-services-measurement:17.6.0] AndroidManifest.xml:30:13-85
120            android:enabled="true"
120-->[com.google.android.gms:play-services-measurement:17.6.0] AndroidManifest.xml:31:13-35
121            android:exported="false" >
121-->[com.google.android.gms:play-services-measurement:17.6.0] AndroidManifest.xml:32:13-37
122        </receiver>
123
124        <service
124-->[com.google.android.gms:play-services-measurement:17.6.0] AndroidManifest.xml:35:9-38:40
125            android:name="com.google.android.gms.measurement.AppMeasurementService"
125-->[com.google.android.gms:play-services-measurement:17.6.0] AndroidManifest.xml:36:13-84
126            android:enabled="true"
126-->[com.google.android.gms:play-services-measurement:17.6.0] AndroidManifest.xml:37:13-35
127            android:exported="false" />
127-->[com.google.android.gms:play-services-measurement:17.6.0] AndroidManifest.xml:38:13-37
128        <service
128-->[com.google.android.gms:play-services-measurement:17.6.0] AndroidManifest.xml:39:9-43:72
129            android:name="com.google.android.gms.measurement.AppMeasurementJobService"
129-->[com.google.android.gms:play-services-measurement:17.6.0] AndroidManifest.xml:40:13-87
130            android:enabled="true"
130-->[com.google.android.gms:play-services-measurement:17.6.0] AndroidManifest.xml:41:13-35
131            android:exported="false"
131-->[com.google.android.gms:play-services-measurement:17.6.0] AndroidManifest.xml:42:13-37
132            android:permission="android.permission.BIND_JOB_SERVICE" />
132-->[com.google.android.gms:play-services-measurement:17.6.0] AndroidManifest.xml:43:13-69
133
134        <meta-data
134-->[com.google.android.gms:play-services-basement:17.5.0] AndroidManifest.xml:23:9-25:69
135            android:name="com.google.android.gms.version"
135-->[com.google.android.gms:play-services-basement:17.5.0] AndroidManifest.xml:24:13-58
136            android:value="@integer/google_play_services_version" />
136-->[com.google.android.gms:play-services-basement:17.5.0] AndroidManifest.xml:25:13-66
137    </application>
138
139</manifest>